app/build/outputs/logs/manifest-merger-debug-report.txt
-- Merging decision tree log ---
manifest
ADDED from src\main\AndroidManifest.xml:2:1-60:12
	xmlns:android
		ADDED from src\main\AndroidManifest.xml:2:11-69
	package
		ADDED from src\main\AndroidManifest.xml:3:5-39
		INJECTED from src\main\AndroidManifest.xml
		INJECTED from src\main\AndroidManifest.xml
	android:versionName
		INJECTED from src\main\AndroidManifest.xml
		INJECTED from src\main\AndroidManifest.xml
	android:versionCode
		INJECTED from src\main\AndroidManifest.xml
		INJECTED from src\main\AndroidManifest.xml
uses-permission#android.permission.INTERNET
ADDED from src\main\AndroidManifest.xml:7:5-67
	android:name
		ADDED from src\main\AndroidManifest.xml:7:22-64
application
ADDED from src\main\AndroidManifest.xml:9:5-58:19
MERGED from [com.android.support:appcompat-v7:23.1.1] AndroidManifest.xml:22:5-20
MERGED from [com.android.support:support-v4:23.1.1] AndroidManifest.xml:22:5-20
MERGED from [com.android.support:appcompat-v7:23.1.1] AndroidManifest.xml:22:5-20
MERGED from [com.android.support:support-v4:23.1.1] AndroidManifest.xml:22:5-20
MERGED from [com.android.support:design:23.0.0] AndroidManifest.xml:22:5-20
MERGED from [com.android.support:appcompat-v7:23.1.1] AndroidManifest.xml:22:5-20
MERGED from [com.android.support:support-v4:23.1.1] AndroidManifest.xml:22:5-20
MERGED from [com.android.support:support-v4:23.1.1] AndroidManifest.xml:22:5-20
MERGED from [com.mcxiaoke.volley:library-aar:1.0.0] AndroidManifest.xml:5:5-19
MERGED from [com.google.android.gms:play-services-appindexing:8.1.0] AndroidManifest.xml:19:5-20
MERGED from [com.google.android.gms:play-services-basement:8.1.0] AndroidManifest.xml:20:5-24:19
MERGED from [com.android.support:support-v4:23.1.1] AndroidManifest.xml:22:5-20
	android:supportsRtl
		ADDED from src\main\AndroidManifest.xml:14:9-35
	android:label
		ADDED from src\main\AndroidManifest.xml:13:9-41
	android:allowBackup
		ADDED from src\main\AndroidManifest.xml:11:9-35
	android:icon
		ADDED from src\main\AndroidManifest.xml:12:9-43
	android:theme
		ADDED from src\main\AndroidManifest.xml:15:9-40
activity#com.example.mpetk.taskme.Login
ADDED from src\main\AndroidManifest.xml:16:9-22:20
	android:name
		ADDED from src\main\AndroidManifest.xml:16:19-40
intent-filter#android.intent.action.MAIN+android.intent.category.LAUNCHER
ADDED from src\main\AndroidManifest.xml:17:13-21:29
action#android.intent.action.MAIN
ADDED from src\main\AndroidManifest.xml:18:17-69
	android:name
		ADDED from src\main\AndroidManifest.xml:18:25-66
category#android.intent.category.LAUNCHER
ADDED from src\main\AndroidManifest.xml:20:17-77
	android:name
		ADDED from src\main\AndroidManifest.xml:20:27-74
activity#com.example.mpetk.taskme.BrisanjeKlijenata
ADDED from src\main\AndroidManifest.xml:24:9-131
	android:windowSoftInputMode
		ADDED from src\main\AndroidManifest.xml:24:53-94
	android:noHistory
		ADDED from src\main\AndroidManifest.xml:24:95-119
	android:name
		ADDED from src\main\AndroidManifest.xml:24:19-52
activity#com.example.mpetk.taskme.PrikazKlijenata
ADDED from src\main\AndroidManifest.xml:25:9-104
	android:windowSoftInputMode
		ADDED from src\main\AndroidManifest.xml:25:51-92
	android:name
		ADDED from src\main\AndroidManifest.xml:25:19-50
activity#com.example.mpetk.taskme.BrisanjeKorisnika
ADDED from src\main\AndroidManifest.xml:27:9-131
	android:windowSoftInputMode
		ADDED from src\main\AndroidManifest.xml:27:53-94
	android:noHistory
		ADDED from src\main\AndroidManifest.xml:27:95-119
	android:name
		ADDED from src\main\AndroidManifest.xml:27:19-52
activity#com.example.mpetk.taskme.BrisanjeZadatka
ADDED from src\main\AndroidManifest.xml:28:9-129
	android:windowSoftInputMode
		ADDED from src\main\AndroidManifest.xml:28:51-92
	android:noHistory
		ADDED from src\main\AndroidManifest.xml:28:93-117
	android:name
		ADDED from src\main\AndroidManifest.xml:28:19-50
activity#com.example.mpetk.taskme.DodjelaZadatka
ADDED from src\main\AndroidManifest.xml:29:9-103
	android:windowSoftInputMode
		ADDED from src\main\AndroidManifest.xml:29:50-91
	android:name
		ADDED from src\main\AndroidManifest.xml:29:19-49
activity#com.example.mpetk.taskme.EvidentirajObavljeniPosao
ADDED from src\main\AndroidManifest.xml:30:9-114
	android:windowSoftInputMode
		ADDED from src\main\AndroidManifest.xml:30:61-102
	android:name
		ADDED from src\main\AndroidManifest.xml:30:19-60
activity#com.example.mpetk.taskme.Home
ADDED from src\main\AndroidManifest.xml:31:9-93
	android:windowSoftInputMode
		ADDED from src\main\AndroidManifest.xml:31:40-81
	android:name
		ADDED from src\main\AndroidManifest.xml:31:19-39
activity#com.example.mpetk.taskme.HomeZaposlenik
ADDED from src\main\AndroidManifest.xml:32:9-103
	android:windowSoftInputMode
		ADDED from src\main\AndroidManifest.xml:32:50-91
	android:name
		ADDED from src\main\AndroidManifest.xml:32:19-49
activity#com.example.mpetk.taskme.IzmjenaKlijenata
ADDED from src\main\AndroidManifest.xml:33:9-105
	android:windowSoftInputMode
		ADDED from src\main\AndroidManifest.xml:33:52-93
	android:name
		ADDED from src\main\AndroidManifest.xml:33:19-51
activity#com.example.mpetk.taskme.IzmjenaKorisnika
ADDED from src\main\AndroidManifest.xml:34:9-105
	android:windowSoftInputMode
		ADDED from src\main\AndroidManifest.xml:34:52-93
	android:name
		ADDED from src\main\AndroidManifest.xml:34:19-51
activity#com.example.mpetk.taskme.IzmjenaZadatka
ADDED from src\main\AndroidManifest.xml:35:9-103
	android:windowSoftInputMode
		ADDED from src\main\AndroidManifest.xml:35:50-91
	android:name
		ADDED from src\main\AndroidManifest.xml:35:19-49
activity#com.example.mpetk.taskme.IzmjeniObavljeniPosao
ADDED from src\main\AndroidManifest.xml:36:9-110
	android:windowSoftInputMode
		ADDED from src\main\AndroidManifest.xml:36:57-98
	android:name
		ADDED from src\main\AndroidManifest.xml:36:19-56
activity#com.example.mpetk.taskme.KreiranjeKlijenta
ADDED from src\main\AndroidManifest.xml:37:9-106
	android:windowSoftInputMode
		ADDED from src\main\AndroidManifest.xml:37:53-94
	android:name
		ADDED from src\main\AndroidManifest.xml:37:19-52
activity#com.example.mpetk.taskme.KreiranjeKorisnika
ADDED from src\main\AndroidManifest.xml:38:9-107
	android:windowSoftInputMode
		ADDED from src\main\AndroidManifest.xml:38:54-95
	android:name
		ADDED from src\main\AndroidManifest.xml:38:19-53
activity#com.example.mpetk.taskme.KreiranjeZadatak
ADDED from src\main\AndroidManifest.xml:39:9-105
	android:windowSoftInputMode
		ADDED from src\main\AndroidManifest.xml:39:52-93
	android:name
		ADDED from src\main\AndroidManifest.xml:39:19-51
activity#com.example.mpetk.taskme.PregledEvidencije
ADDED from src\main\AndroidManifest.xml:40:9-106
	android:windowSoftInputMode
		ADDED from src\main\AndroidManifest.xml:40:53-94
	android:name
		ADDED from src\main\AndroidManifest.xml:40:19-52
activity#com.example.mpetk.taskme.PretragaKlijenata
ADDED from src\main\AndroidManifest.xml:41:9-106
	android:windowSoftInputMode
		ADDED from src\main\AndroidManifest.xml:41:53-94
	android:name
		ADDED from src\main\AndroidManifest.xml:41:19-52
activity#com.example.mpetk.taskme.PretragaKorisnika
ADDED from src\main\AndroidManifest.xml:42:9-106
	android:windowSoftInputMode
		ADDED from src\main\AndroidManifest.xml:42:53-94
	android:name
		ADDED from src\main\AndroidManifest.xml:42:19-52
activity#com.example.mpetk.taskme.PretragaIzvjestaja
ADDED from src\main\AndroidManifest.xml:43:9-107
	android:windowSoftInputMode
		ADDED from src\main\AndroidManifest.xml:43:54-95
	android:name
		ADDED from src\main\AndroidManifest.xml:43:19-53
activity#com.example.mpetk.taskme.PretragaZadataka
ADDED from src\main\AndroidManifest.xml:44:9-105
	android:windowSoftInputMode
		ADDED from src\main\AndroidManifest.xml:44:52-93
	android:name
		ADDED from src\main\AndroidManifest.xml:44:19-51
activity#com.example.mpetk.taskme.PromjenaSifre
ADDED from src\main\AndroidManifest.xml:45:9-102
	android:windowSoftInputMode
		ADDED from src\main\AndroidManifest.xml:45:49-90
	android:name
		ADDED from src\main\AndroidManifest.xml:45:19-48
activity#com.example.mpetk.taskme.UpravljanjeZadacima
ADDED from src\main\AndroidManifest.xml:46:9-108
	android:windowSoftInputMode
		ADDED from src\main\AndroidManifest.xml:46:55-96
	android:name
		ADDED from src\main\AndroidManifest.xml:46:19-54
activity#com.example.mpetk.taskme.ZadaciZaposlenika
ADDED from src\main\AndroidManifest.xml:47:9-106
	android:windowSoftInputMode
		ADDED from src\main\AndroidManifest.xml:47:53-94
	android:name
		ADDED from src\main\AndroidManifest.xml:47:19-52
activity#com.example.mpetk.taskme.PrikazKorisnika
ADDED from src\main\AndroidManifest.xml:48:9-104
	android:windowSoftInputMode
		ADDED from src\main\AndroidManifest.xml:48:51-92
	android:name
		ADDED from src\main\AndroidManifest.xml:48:19-50
activity#com.example.mpetk.taskme.PrikazZadatka
ADDED from src\main\AndroidManifest.xml:49:9-102
	android:windowSoftInputMode
		ADDED from src\main\AndroidManifest.xml:49:49-90
	android:name
		ADDED from src\main\AndroidManifest.xml:49:19-48
activity#com.example.mpetk.taskme.MyTasks
ADDED from src\main\AndroidManifest.xml:50:9-96
	android:windowSoftInputMode
		ADDED from src\main\AndroidManifest.xml:50:43-84
	android:name
		ADDED from src\main\AndroidManifest.xml:50:19-42
activity#com.example.mpetk.taskme.FinnishedTask
ADDED from src\main\AndroidManifest.xml:51:9-102
	android:windowSoftInputMode
		ADDED from src\main\AndroidManifest.xml:51:49-90
	android:name
		ADDED from src\main\AndroidManifest.xml:51:19-48
meta-data#com.google.android.gms.version
ADDED from src\main\AndroidManifest.xml:54:9-56:69
MERGED from [com.google.android.gms:play-services-basement:8.1.0] AndroidManifest.xml:21:9-23:69
	android:name
		ADDED from src\main\AndroidManifest.xml:55:13-58
	android:value
		ADDED from src\main\AndroidManifest.xml:56:13-66
uses-sdk
INJECTED from src\main\AndroidManifest.xml reason: use-sdk injection requested
MERGED from [com.android.support:appcompat-v7:23.1.1] AndroidManifest.xml:20:5-43
MERGED from [com.android.support:support-v4:23.1.1] AndroidManifest.xml:20:5-43
MERGED from [com.android.support:appcompat-v7:23.1.1] AndroidManifest.xml:20:5-43
MERGED from [com.android.support:support-v4:23.1.1] AndroidManifest.xml:20:5-43
MERGED from [com.android.support:design:23.0.0] AndroidManifest.xml:20:5-43
MERGED from [com.android.support:appcompat-v7:23.1.1] AndroidManifest.xml:20:5-43
MERGED from [com.android.support:support-v4:23.1.1] AndroidManifest.xml:20:5-43
MERGED from [com.android.support:support-v4:23.1.1] AndroidManifest.xml:20:5-43
MERGED from [com.mcxiaoke.volley:library-aar:1.0.0] AndroidManifest.xml:3:5-72
MERGED from [com.google.android.gms:play-services-appindexing:8.1.0] AndroidManifest.xml:18:5-42
MERGED from [com.google.android.gms:play-services-basement:8.1.0] AndroidManifest.xml:18:5-42
MERGED from [com.android.support:support-v4:23.1.1] AndroidManifest.xml:20:5-43
	android:targetSdkVersion
		INJECTED from src\main\AndroidManifest.xml
		INJECTED from src\main\AndroidManifest.xml
	android:minSdkVersion
		INJECTED from src\main\AndroidManifest.xml
		INJECTED from src\main\AndroidManifest.xml